1583698322288	mozrunner::runner	INFO	Running command: "/usr/bin/firefox" "-marionette" "--headless" "-foreground" "-no-remote" "-profile" "/tmp/rust_mozprofile5rK73P"
*** You are running in headless mode.
1583698323056	addons.webextension.screenshots@mozilla.org	WARN	Loading extension 'screenshots@mozilla.org': Reading manifest: Invalid host permission: resource://pdf.js/
1583698323056	addons.webextension.screenshots@mozilla.org	WARN	Loading extension 'screenshots@mozilla.org': Reading manifest: Invalid host permission: about:reader*
1583698325522	Marionette	INFO	Listening on port 45635
1583698325632	Marionette	WARN	TLS certificate errors will be ignored for this session
JavaScript error: https://mahimeta.com/networks/vast_tag.js?cache=1583698327, line 11: TypeError: document.body is null
JavaScript error: , line 0: uncaught exception: Invalid action name, may only include "A-Za-z/_". Do not include user-specific information.
1583698336434	mozrunner::runner	INFO	Running command: "/usr/bin/firefox" "-marionette" "--headless" "-foreground" "-no-remote" "-profile" "/tmp/rust_mozprofileu23vJf"
*** You are running in headless mode.
1583698337498	addons.webextension.screenshots@mozilla.org	WARN	Loading extension 'screenshots@mozilla.org': Reading manifest: Invalid host permission: resource://pdf.js/
1583698337498	addons.webextension.screenshots@mozilla.org	WARN	Loading extension 'screenshots@mozilla.org': Reading manifest: Invalid host permission: about:reader*
1583698340987	Marionette	INFO	Listening on port 40885
1583698341097	Marionette	WARN	TLS certificate errors will be ignored for this session
JavaScript error: https://mahimeta.com/networks/vast_tag.js?cache=1583698342, line 11: TypeError: document.body is null
console.error: BroadcastService: 
  receivedBroadcastMessage: handler for
  remote-settings/monitor_changes
  threw error:
  Message: Error: Polling for changes failed: NetworkError when attempting to fetch resource..
  Stack:
    remoteSettingsFunction/remoteSettings.pollChanges@resource://services-settings/remote-settings.js:188:13

JavaScript error: , line 0: uncaught exception: Invalid action name, may only include "A-Za-z/_". Do not include user-specific information.
console.error: BroadcastService: 
  receivedBroadcastMessage: handler for
  remote-settings/monitor_changes
  threw error:
  Message: Error: Polling for changes failed: NetworkError when attempting to fetch resource..
  Stack:
    remoteSettingsFunction/remoteSettings.pollChanges@resource://services-settings/remote-settings.js:188:13

1583699108435	mozrunner::runner	INFO	Running command: "/usr/bin/firefox" "-marionette" "--headless" "-foreground" "-no-remote" "-profile" "/tmp/rust_mozprofileKXL9Ug"
*** You are running in headless mode.
1583699108999	addons.webextension.screenshots@mozilla.org	WARN	Loading extension 'screenshots@mozilla.org': Reading manifest: Invalid host permission: resource://pdf.js/
1583699108999	addons.webextension.screenshots@mozilla.org	WARN	Loading extension 'screenshots@mozilla.org': Reading manifest: Invalid host permission: about:reader*
1583699111514	Marionette	INFO	Listening on port 44207
1583699112427	Marionette	WARN	TLS certificate errors will be ignored for this session
JavaScript error: https://mahimeta.com/networks/vast_tag.js?cache=1583699115, line 11: TypeError: document.body is null
JavaScript error: , line 0: uncaught exception: Invalid action name, may only include "A-Za-z/_". Do not include user-specific information.
console.error: BroadcastService: 
  receivedBroadcastMessage: handler for
  remote-settings/monitor_changes
  threw error:
  Message: Error: Polling for changes failed: NetworkError when attempting to fetch resource..
  Stack:
    remoteSettingsFunction/remoteSettings.pollChanges@resource://services-settings/remote-settings.js:188:13

1583699251975	mozrunner::runner	INFO	Running command: "/usr/bin/firefox" "-marionette" "--headless" "-foreground" "-no-remote" "-profile" "/tmp/rust_mozprofile0VXh7l"
*** You are running in headless mode.
1583699252529	addons.webextension.screenshots@mozilla.org	WARN	Loading extension 'screenshots@mozilla.org': Reading manifest: Invalid host permission: resource://pdf.js/
1583699252530	addons.webextension.screenshots@mozilla.org	WARN	Loading extension 'screenshots@mozilla.org': Reading manifest: Invalid host permission: about:reader*
1583699254311	Marionette	INFO	Listening on port 41375
1583699254387	Marionette	WARN	TLS certificate errors will be ignored for this session
JavaScript error: https://mahimeta.com/networks/vast_tag.js?cache=1583699256, line 11: TypeError: document.body is null
JavaScript error: , line 0: uncaught exception: Invalid action name, may only include "A-Za-z/_". Do not include user-specific information.
console.error: BroadcastService: 
  receivedBroadcastMessage: handler for
  remote-settings/monitor_changes
  threw error:
  Message: Error: Polling for changes failed: NetworkError when attempting to fetch resource..
  Stack:
    remoteSettingsFunction/remoteSettings.pollChanges@resource://services-settings/remote-settings.js:188:13

1583704761495	mozrunner::runner	INFO	Running command: "/usr/bin/firefox" "-marionette" "--headless" "-foreground" "-no-remote" "-profile" "/tmp/rust_mozprofileehJXGB"
*** You are running in headless mode.
1583704762035	addons.webextension.screenshots@mozilla.org	WARN	Loading extension 'screenshots@mozilla.org': Reading manifest: Invalid host permission: resource://pdf.js/
1583704762035	addons.webextension.screenshots@mozilla.org	WARN	Loading extension 'screenshots@mozilla.org': Reading manifest: Invalid host permission: about:reader*
1583704763774	Marionette	INFO	Listening on port 33075
1583704763808	Marionette	WARN	TLS certificate errors will be ignored for this session
JavaScript error: https://mahimeta.com/networks/vast_tag.js?cache=1583704765, line 11: TypeError: document.body is null
JavaScript error: , line 0: uncaught exception: Invalid action name, may only include "A-Za-z/_". Do not include user-specific information.
console.error: BroadcastService: 
  receivedBroadcastMessage: handler for
  remote-settings/monitor_changes
  threw error:
  Message: Error: Polling for changes failed: NetworkError when attempting to fetch resource..
  Stack:
    remoteSettingsFunction/remoteSettings.pollChanges@resource://services-settings/remote-settings.js:188:13

1583746959540	mozrunner::runner	INFO	Running command: "/usr/bin/firefox" "-marionette" "--headless" "-foreground" "-no-remote" "-profile" "/tmp/rust_mozprofile974m7G"
*** You are running in headless mode.
1583746960034	addons.webextension.screenshots@mozilla.org	WARN	Loading extension 'screenshots@mozilla.org': Reading manifest: Invalid host permission: resource://pdf.js/
1583746960035	addons.webextension.screenshots@mozilla.org	WARN	Loading extension 'screenshots@mozilla.org': Reading manifest: Invalid host permission: about:reader*
1583746961911	Marionette	INFO	Listening on port 35489
1583746961961	Marionette	WARN	TLS certificate errors will be ignored for this session
JavaScript error: https://mahimeta.com/networks/vast_tag.js?cache=1583746963, line 11: TypeError: document.body is null
JavaScript error: , line 0: uncaught exception: Invalid action name, may only include "A-Za-z/_". Do not include user-specific information.
console.error: BroadcastService: 
  receivedBroadcastMessage: handler for
  remote-settings/monitor_changes
  threw error:
  Message: Error: Polling for changes failed: NetworkError when attempting to fetch resource..
  Stack:
    remoteSettingsFunction/remoteSettings.pollChanges@resource://services-settings/remote-settings.js:188:13

1583747209798	mozrunner::runner	INFO	Running command: "/usr/bin/firefox" "-marionette" "--headless" "-foreground" "-no-remote" "-profile" "/tmp/rust_mozprofilect07dh"
*** You are running in headless mode.
1583747210154	addons.webextension.screenshots@mozilla.org	WARN	Loading extension 'screenshots@mozilla.org': Reading manifest: Invalid host permission: resource://pdf.js/
1583747210154	addons.webextension.screenshots@mozilla.org	WARN	Loading extension 'screenshots@mozilla.org': Reading manifest: Invalid host permission: about:reader*
1583747211503	Marionette	INFO	Listening on port 46637
1583747211608	Marionette	WARN	TLS certificate errors will be ignored for this session
JavaScript error: https://mahimeta.com/networks/vast_tag.js?cache=1583747212, line 11: TypeError: document.body is null
JavaScript error: , line 0: uncaught exception: Invalid action name, may only include "A-Za-z/_". Do not include user-specific information.
console.error: BroadcastService: 
  receivedBroadcastMessage: handler for
  remote-settings/monitor_changes
  threw error:
  Message: Error: Polling for changes failed: NetworkError when attempting to fetch resource..
  Stack:
    remoteSettingsFunction/remoteSettings.pollChanges@resource://services-settings/remote-settings.js:188:13

1583747847763	mozrunner::runner	INFO	Running command: "/usr/bin/firefox" "-marionette" "--headless" "-foreground" "-no-remote" "-profile" "/tmp/rust_mozprofilem1P7nx"
*** You are running in headless mode.
1583747848195	addons.webextension.screenshots@mozilla.org	WARN	Loading extension 'screenshots@mozilla.org': Reading manifest: Invalid host permission: resource://pdf.js/
1583747848195	addons.webextension.screenshots@mozilla.org	WARN	Loading extension 'screenshots@mozilla.org': Reading manifest: Invalid host permission: about:reader*
1583747849685	Marionette	INFO	Listening on port 32977
1583747849768	Marionette	WARN	TLS certificate errors will be ignored for this session
JavaScript error: https://mahimeta.com/networks/vast_tag.js?cache=1583747851, line 11: TypeError: document.body is null
JavaScript error: , line 0: uncaught exception: Invalid action name, may only include "A-Za-z/_". Do not include user-specific information.
1583747865716	mozrunner::runner	INFO	Running command: "/usr/bin/firefox" "-marionette" "--headless" "-foreground" "-no-remote" "-profile" "/tmp/rust_mozprofile22e36J"
*** You are running in headless mode.
1583747866122	addons.webextension.screenshots@mozilla.org	WARN	Loading extension 'screenshots@mozilla.org': Reading manifest: Invalid host permission: resource://pdf.js/
1583747866122	addons.webextension.screenshots@mozilla.org	WARN	Loading extension 'screenshots@mozilla.org': Reading manifest: Invalid host permission: about:reader*
1583747867585	Marionette	INFO	Listening on port 41875
1583747867623	Marionette	WARN	TLS certificate errors will be ignored for this session
JavaScript error: https://mahimeta.com/networks/vast_tag.js?cache=1583747869, line 11: TypeError: document.body is null
console.error: BroadcastService: 
  receivedBroadcastMessage: handler for
  remote-settings/monitor_changes
  threw error:
  Message: Error: Polling for changes failed: NetworkError when attempting to fetch resource..
  Stack:
    remoteSettingsFunction/remoteSettings.pollChanges@resource://services-settings/remote-settings.js:188:13

JavaScript error: , line 0: uncaught exception: Invalid action name, may only include "A-Za-z/_". Do not include user-specific information.
console.error: BroadcastService: 
  receivedBroadcastMessage: handler for
  remote-settings/monitor_changes
  threw error:
  Message: Error: Polling for changes failed: NetworkError when attempting to fetch resource..
  Stack:
    remoteSettingsFunction/remoteSettings.pollChanges@resource://services-settings/remote-settings.js:188:13

1583752681214	mozrunner::runner	INFO	Running command: "/usr/bin/firefox" "-marionette" "--headless" "-foreground" "-no-remote" "-profile" "/tmp/rust_mozprofileeSo7oW"
*** You are running in headless mode.
1583752681669	addons.webextension.screenshots@mozilla.org	WARN	Loading extension 'screenshots@mozilla.org': Reading manifest: Invalid host permission: resource://pdf.js/
1583752681670	addons.webextension.screenshots@mozilla.org	WARN	Loading extension 'screenshots@mozilla.org': Reading manifest: Invalid host permission: about:reader*
1583752683118	Marionette	INFO	Listening on port 33881
1583752683129	Marionette	WARN	TLS certificate errors will be ignored for this session
JavaScript error: https://mahimeta.com/networks/vast_tag.js?cache=1583752684, line 11: TypeError: document.body is null
JavaScript error: , line 0: uncaught exception: Invalid action name, may only include "A-Za-z/_". Do not include user-specific information.
console.error: BroadcastService: 
  receivedBroadcastMessage: handler for
  remote-settings/monitor_changes
  threw error:
  Message: Error: Polling for changes failed: NetworkError when attempting to fetch resource..
  Stack:
    remoteSettingsFunction/remoteSettings.pollChanges@resource://services-settings/remote-settings.js:188:13

1583763575821	mozrunner::runner	INFO	Running command: "/usr/bin/firefox" "-marionette" "--headless" "-foreground" "-no-remote" "-profile" "/tmp/rust_mozprofileR9Y9R1"
*** You are running in headless mode.
1583763576332	addons.webextension.screenshots@mozilla.org	WARN	Loading extension 'screenshots@mozilla.org': Reading manifest: Invalid host permission: resource://pdf.js/
1583763576332	addons.webextension.screenshots@mozilla.org	WARN	Loading extension 'screenshots@mozilla.org': Reading manifest: Invalid host permission: about:reader*
1583763578103	Marionette	INFO	Listening on port 43755
1583763578135	Marionette	WARN	TLS certificate errors will be ignored for this session
JavaScript error: https://mahimeta.com/networks/vast_tag.js?cache=1583763579, line 11: TypeError: document.body is null
JavaScript error: , line 0: uncaught exception: Invalid action name, may only include "A-Za-z/_". Do not include user-specific information.
console.error: BroadcastService: 
  receivedBroadcastMessage: handler for
  remote-settings/monitor_changes
  threw error:
  Message: Error: Polling for changes failed: NetworkError when attempting to fetch resource..
  Stack:
    remoteSettingsFunction/remoteSettings.pollChanges@resource://services-settings/remote-settings.js:188:13

Exiting due to channel error.
Exiting due to channel error.
Exiting due to channel error.
Exiting due to channel error.
[GFX1-]: Receive IPC close with reason=AbnormalShutdown
Exiting due to channel error.
Sandbox: Unexpected EOF, op 0 flags 00 path /usr/share/locale/en_US.UTF-8/LC_MESSAGES/libc.mo
[Child 3760, Chrome_ChildThread] WARNING: pipe error (3): Connection reset by peer: file /build/firefox-DVGW0d/firefox-65.0.1+build2/ipc/chromium/src/chrome/common/ipc_channel_posix.cc, line 349
Exiting due to channel error.
Exiting due to channel error.
Exiting due to channel error.
Exiting due to channel error.
Exiting due to channel error.
Exiting due to channel error.
[GFX1-]: Receive IPC close with reason=AbnormalShutdown
[Child 32174, Chrome_ChildThread] WARNING: pipe error (3): Connection reset by peer: file /build/firefox-DVGW0d/firefox-65.0.1+build2/ipc/chromium/src/chrome/common/ipc_channel_posix.cc, line 349
Exiting due to channel error.
Exiting due to channel error.
Exiting due to channel error.
Sandbox: Unexpected EOF, op 0 flags 02400302 path /dev/shm/org.mozilla.ipc.23329.263538
[Child 23329, Main Thread] WARNING: failed to open shm: Input/output error: file /build/firefox-DVGW0d/firefox-65.0.1+build2/ipc/chromium/src/base/shared_memory_posix.cc, line 142
[GFX1-]: Failed buffer for 553, 2, 104, 22

###!!! [Child][MessageChannel] Error: (msgtype=0x580001,name=PLayerTransaction::Msg_Update) Channel error: cannot send/recv


###!!! [Child][RunMessage] Error: Channel error: cannot send/recv

[GFX1-]: Receive IPC close with reason=AbnormalShutdown
[Child 23329, Chrome_ChildThread] WARNING: pipe error: Broken pipe: file /build/firefox-DVGW0d/firefox-65.0.1+build2/ipc/chromium/src/chrome/common/ipc_channel_posix.cc, line 718
[Child 23329, Chrome_ChildThread] WARNING: pipe error: Broken pipe: file /build/firefox-DVGW0d/firefox-65.0.1+build2/ipc/chromium/src/chrome/common/ipc_channel_posix.cc, line 718
Exiting due to channel error.
Exiting due to channel error.
Exiting due to channel error.
Exiting due to channel error.
1583934164341	mozrunner::runner	INFO	Running command: "/usr/bin/firefox" "-marionette" "--headless" "-foreground" "-no-remote" "-profile" "/tmp/rust_mozprofilekPMzTr"
*** You are running in headless mode.
1583934164870	addons.webextension.screenshots@mozilla.org	WARN	Loading extension 'screenshots@mozilla.org': Reading manifest: Invalid host permission: resource://pdf.js/
1583934164870	addons.webextension.screenshots@mozilla.org	WARN	Loading extension 'screenshots@mozilla.org': Reading manifest: Invalid host permission: about:reader*
1583934166756	Marionette	INFO	Listening on port 36665
1583934166860	Marionette	WARN	TLS certificate errors will be ignored for this session
JavaScript error: https://mahimeta.com/networks/vast_tag.js?cache=1583934168, line 11: TypeError: document.body is null
JavaScript error: , line 0: uncaught exception: Invalid action name, may only include "A-Za-z/_". Do not include user-specific information.
console.error: BroadcastService: 
  receivedBroadcastMessage: handler for
  remote-settings/monitor_changes
  threw error:
  Message: Error: Polling for changes failed: NetworkError when attempting to fetch resource..
  Stack:
    remoteSettingsFunction/remoteSettings.pollChanges@resource://services-settings/remote-settings.js:188:13

console.error: BroadcastService: 
  receivedBroadcastMessage: handler for
  remote-settings/monitor_changes
  threw error:
  Message: Error: Polling for changes failed: NetworkError when attempting to fetch resource..
  Stack:
    remoteSettingsFunction/remoteSettings.pollChanges@resource://services-settings/remote-settings.js:188:13

console.error: BroadcastService: 
  receivedBroadcastMessage: handler for
  remote-settings/monitor_changes
  threw error:
  Message: Error: Polling for changes failed: NetworkError when attempting to fetch resource..
  Stack:
    remoteSettingsFunction/remoteSettings.pollChanges@resource://services-settings/remote-settings.js:188:13

console.error: BroadcastService: 
  receivedBroadcastMessage: handler for
  remote-settings/monitor_changes
  threw error:
  Message: Error: Polling for changes failed: NetworkError when attempting to fetch resource..
  Stack:
    remoteSettingsFunction/remoteSettings.pollChanges@resource://services-settings/remote-settings.js:188:13

JavaScript error: , line 0: uncaught exception: Timeout
Exiting due to channel error.
Exiting due to channel error.
[Child 17333, Chrome_ChildThread] WARNING: pipe error (3): Connection reset by peer: file /build/firefox-DVGW0d/firefox-65.0.1+build2/ipc/chromium/src/chrome/common/ipc_channel_posix.cc, line 349
Exiting due to channel error.
1586780020506	mozrunner::runner	INFO	Running command: "/usr/bin/firefox" "-marionette" "--headless" "-foreground" "-no-remote" "-profile" "/tmp/rust_mozprofilebdsKsv"
*** You are running in headless mode.
1586780021074	addons.webextension.screenshots@mozilla.org	WARN	Loading extension 'screenshots@mozilla.org': Reading manifest: Invalid host permission: resource://pdf.js/
1586780021074	addons.webextension.screenshots@mozilla.org	WARN	Loading extension 'screenshots@mozilla.org': Reading manifest: Invalid host permission: about:reader*
1586780022704	Marionette	INFO	Listening on port 36345
1586780022714	Marionette	WARN	TLS certificate errors will be ignored for this session
JavaScript error: , line 0: uncaught exception: Invalid action name, may only include "A-Za-z/_". Do not include user-specific information.
console.error: BroadcastService: 
  receivedBroadcastMessage: handler for
  remote-settings/monitor_changes
  threw error:
  Message: Error: Polling for changes failed: NetworkError when attempting to fetch resource..
  Stack:
    remoteSettingsFunction/remoteSettings.pollChanges@resource://services-settings/remote-settings.js:188:13

1586780160255	mozrunner::runner	INFO	Running command: "/usr/bin/firefox" "-marionette" "--headless" "-foreground" "-no-remote" "-profile" "/tmp/rust_mozprofileLqFdPj"
*** You are running in headless mode.
1586780160671	addons.webextension.screenshots@mozilla.org	WARN	Loading extension 'screenshots@mozilla.org': Reading manifest: Invalid host permission: resource://pdf.js/
1586780160671	addons.webextension.screenshots@mozilla.org	WARN	Loading extension 'screenshots@mozilla.org': Reading manifest: Invalid host permission: about:reader*
1586780162171	Marionette	INFO	Listening on port 42391
1586780162264	Marionette	WARN	TLS certificate errors will be ignored for this session
JavaScript error: https://mahimeta.com/networks/vast_tag.js?cache=1586780164, line 11: TypeError: document.body is null
JavaScript error: , line 0: uncaught exception: Invalid action name, may only include "A-Za-z/_". Do not include user-specific information.
console.error: BroadcastService: 
  receivedBroadcastMessage: handler for
  remote-settings/monitor_changes
  threw error:
  Message: Error: Polling for changes failed: NetworkError when attempting to fetch resource..
  Stack:
    remoteSettingsFunction/remoteSettings.pollChanges@resource://services-settings/remote-settings.js:188:13

1586854614347	mozrunner::runner	INFO	Running command: "/usr/bin/firefox" "-marionette" "--headless" "-foreground" "-no-remote" "-profile" "/tmp/rust_mozprofilepugEWe"
*** You are running in headless mode.
1586854614806	addons.webextension.screenshots@mozilla.org	WARN	Loading extension 'screenshots@mozilla.org': Reading manifest: Invalid host permission: resource://pdf.js/
1586854614806	addons.webextension.screenshots@mozilla.org	WARN	Loading extension 'screenshots@mozilla.org': Reading manifest: Invalid host permission: about:reader*
1586854616270	Marionette	INFO	Listening on port 33567
1586854616360	Marionette	WARN	TLS certificate errors will be ignored for this session
JavaScript error: https://mahimeta.com/networks/vast_tag.js?cache=1586854618, line 11: TypeError: document.body is null
JavaScript error: , line 0: uncaught exception: Invalid action name, may only include "A-Za-z/_". Do not include user-specific information.
console.error: BroadcastService: 
  receivedBroadcastMessage: handler for
  remote-settings/monitor_changes
  threw error:
  Message: Error: Polling for changes failed: NetworkError when attempting to fetch resource..
  Stack:
    remoteSettingsFunction/remoteSettings.pollChanges@resource://services-settings/remote-settings.js:188:13

1586854997833	mozrunner::runner	INFO	Running command: "/usr/bin/firefox" "-marionette" "--headless" "-foreground" "-no-remote" "-profile" "/tmp/rust_mozprofilenS8NXL"
*** You are running in headless mode.
1586854998228	addons.webextension.screenshots@mozilla.org	WARN	Loading extension 'screenshots@mozilla.org': Reading manifest: Invalid host permission: resource://pdf.js/
1586854998229	addons.webextension.screenshots@mozilla.org	WARN	Loading extension 'screenshots@mozilla.org': Reading manifest: Invalid host permission: about:reader*
1586854999617	Marionette	INFO	Listening on port 44179
1586854999644	Marionette	WARN	TLS certificate errors will be ignored for this session
JavaScript error: https://mahimeta.com/networks/vast_tag.js?cache=1586855000, line 11: TypeError: document.body is null
JavaScript error: https://googleads.g.doubleclick.net/pagead/ads?client=ca-pub-9031689156885069&output=html&h=280&slotname=InR_336x280&adk=2716215683&adf=666126267&w=420&fwrn=4&fwrnh=100&lmt=1586855002&rafmt=12&psa=0&guci=2.2.0.0.2.2.0.0&format=420x280&url=https%3A%2F%2Fwww.learningcrux.com%2Fcourse%2Fpython-3-deep-dive-part-2&flash=0&fwr=0&fwrattr=true&rh=280&rw=420&sfro=1&wgl=1&dt=1586855001948&bpp=8&bdt=1502&fdt=600&idt=600&shv=r20200408&cbv=r20190131&ptt=9&saldr=aa&abxe=1&prev_fmts=0x0%2C728x90%2C728x90&nras=1&correlator=8623414135392&frm=20&pv=1&ga_vid=589091134.1586855002&ga_sid=1586855003&ga_hid=123571842&ga_fc=0&icsg=600479950319552&dssz=58&mdo=0&mso=0&u_tz=180&u_his=1&u_java=0&u_h=768&u_w=1366&u_ah=768&u_aw=1366&u_cd=24&u_nplug=0&u_nmime=0&adx=322&ady=1275&biw=1356&bih=694&scr_x=0&scr_y=0&eid=21065531&oid=3&pvsid=1844874747436562&pem=687&rx=0&eae=0&fc=1920&brdim=0%2C0%2C0%2C0%2C1366%2C0%2C1366%2C768%2C1366%2C694&vis=1&rsz=%7C%7CoeEbr%7C&abl=CS&pfx=0&fu=144&bc=29&ifi=3&uci=a!3&btvi=2&xpc=lYVPnPEJ7t&p=https%3A//www.learningcrux.com&dtd=945, line 1: ReferenceError: mys is not defined
JavaScript error: , line 0: uncaught exception: Invalid action name, may only include "A-Za-z/_". Do not include user-specific information.
console.error: BroadcastService: 
  receivedBroadcastMessage: handler for
  remote-settings/monitor_changes
  threw error:
  Message: Error: Polling for changes failed: NetworkError when attempting to fetch resource..
  Stack:
    remoteSettingsFunction/remoteSettings.pollChanges@resource://services-settings/remote-settings.js:188:13

JavaScript error: , line 0: uncaught exception: Timeout
JavaScript error: , line 0: uncaught exception: Timeout
